Unhandled exception
11:29 AM /usr/local/lib/python3.7/site-packages/aiohttp/web_protocol.py (ERROR) - message first occured at February 21, 2019, 8:13 PM and shows up 1835 times
Timeout reading image.
11:29 AM __main__.py (WARNING) - message first occured at February 21, 2019, 8:16 PM and shows up 2038 times
Integrations need to be in their own folder. Change alarm_control_panel/bwalarm.py to bwalarm/alarm_control_panel.py. This will stop working soon.
11:25 AM loader.py (WARNING) - message first occured at February 21, 2019, 8:11 PM and shows up 11 times
mapping values are not allowed here in "/config/automations.yaml", line 96, column 14
11:17 AM util/yaml.py (ERROR)
mapping values are not allowed here in "/config/automations.yaml", line 96, column 12
11:16 AM util/yaml.py (ERROR) - message first occured at 11:13 AM and shows up 3 times
mapping values are not allowed here in "/config/automations.yaml", line 84, column 12
11:05 AM util/yaml.py (ERROR)
Not passing an entity ID to a service to target all entities is deprecated. Update your call to alarm_control_panel.alarm_arm_away to be instead: entity_id: all
10:49 AM helpers/service.py (WARNING) - message first occured at February 23, 2019, 1:44 PM and shows up 10 times
Login attempt or request with invalid authentication from 192.168.1.16
February 23, 2019, 3:03 PM components/http/ban.py (WARNING) - message first occured at February 21, 2019, 8:13 PM and shows up 17 times
Error starting FFmpeg.
February 23, 2019, 3:00 PM __main__.py (WARNING) - message first occured at February 21, 2019, 9:36 PM and shows up 3 times
FFmpeg fails [Errno 17] File exists
February 23, 2019, 3:00 PM /usr/local/lib/python3.7/site-packages/haffmpeg/core.py (ERROR) - message first occured at February 22, 2019, 3:45 PM and shows up 2 times
Update for light.05042538cc50e3c67a38 fails
February 23, 2019, 3:00 PM components/tuya/__init__.py (ERROR) - message first occured at February 22, 2019, 9:06 PM and shows up 2 times
Not passing an entity ID to a service to target all entities is deprecated. Update your call to alarm_control_panel.alarm_disarm to be instead: entity_id: all
February 23, 2019, 2:09 PM helpers/service.py (WARNING) - message first occured at February 23, 2019, 1:39 PM and shows up 4 times
Update of light.38147537cc50e3425a80 is taking over 10 seconds
February 23, 2019, 2:05 PM __main__.py (WARNING) - message first occured at February 21, 2019, 8:33 PM and shows up 6 times
Timeout getting camera image
February 23, 2019, 1:59 PM components/camera/generic.py (ERROR) - message first occured at February 21, 2019, 9:37 PM and shows up 4 times
Login attempt or request with invalid authentication from 192.168.1.6
February 23, 2019, 1:55 PM components/http/ban.py (WARNING) - message first occured at February 23, 2019, 1:55 PM and shows up 6 times
Update of switch.0320018160019477d9f3 is taking over 10 seconds
February 23, 2019, 1:53 PM __main__.py (WARNING) - message first occured at February 22, 2019, 3:33 PM and shows up 8 times
Not passing an entity ID to a service to target all entities is deprecated. Update your call to alarm_control_panel.alarm_arm_home to be instead: entity_id: all
February 23, 2019, 1:39 PM helpers/service.py (WARNING)
Update of light.60106557cc50e312e873 is taking over 10 seconds
February 23, 2019, 9:52 AM __main__.py (WARNING) - message first occured at February 22, 2019, 8:44 PM and shows up 2 times
Update of light.05042538cc50e3c68740 is taking over 10 seconds
February 23, 2019, 9:42 AM __main__.py (WARNING) - message first occured at February 22, 2019, 4:34 PM and shows up 4 times
Disconnected: Received non-Text message.
February 23, 2019, 9:41 AM components/websocket_api/http.py (WARNING) - message first occured at February 23, 2019, 9:41 AM and shows up 2 times
Update of light.05042538cc50e3c67a38 is taking over 10 seconds
February 23, 2019, 9:18 AM __main__.py (WARNING) - message first occured at February 21, 2019, 8:42 PM and shows up 7 times
FFmpeg isn't running!
February 22, 2019, 9:54 PM components/camera/ffmpeg.py (WARNING)
Updating tuya light took longer than the scheduled update interval 0:00:30
February 22, 2019, 9:32 PM helpers/entity_platform.py (WARNING) - message first occured at February 22, 2019, 4:10 PM and shows up 2 times
Update for light.05042538cc50e3c68740 fails
February 22, 2019, 3:45 PM components/tuya/__init__.py (ERROR) - message first occured at February 21, 2019, 8:46 PM and shows up 2 times
Error handling request
February 22, 2019, 11:57 AM components/websocket_api/http.py (ERROR)
Unhandled error in exception handler context: {'message': 'Fatal error on transport TCPTransport (error status in uv_stream_t.write callback)', 'exception': OSError(113, 'Host is unreachable'), 'transport': <TCPTransport closed=False reading=False 0x7037a7f0>, 'protocol': <RequestHandler connected>}
February 22, 2019, 11:57 AM components/system_log/__init__.py (ERROR)
Update for switch.0320018160019477d9f3 fails
February 22, 2019, 11:41 AM components/tuya/__init__.py (ERROR)
{'id': 'e98854ebd9a44f4397fc3fd53ed5074c', 'name': 'Legacy API password user', 'enabled': False, 'code': 'e98854ebd9a44f4397fc3fd53ed5074c', 'picture': '/local/images/ha.png'}
February 22, 2019, 8:12 AM custom_components/alarm_control_panel/bwalarm.py (WARNING)
FFmpeg fails [Errno 9] Bad file descriptor
February 21, 2019, 9:36 PM /usr/local/lib/python3.7/site-packages/haffmpeg/core.py (ERROR)
Update for light.38147537cc50e3425a80 fails
February 21, 2019, 9:12 PM components/tuya/__init__.py (ERROR) - message first occured at February 21, 2019, 8:57 PM and shows up 2 times
Update for switch.0320018160019477d9f3 fails
February 21, 2019, 8:28 PM components/tuya/__init__.py (ERROR) - message first occured at February 21, 2019, 8:22 PM and shows up 2 times
Monitored condition temperature_min is deprecated
February 21, 2019, 8:11 PM components/sensor/darksky.py (WARNING)
Monitored condition temperature_max is deprecated
February 21, 2019, 8:11 PM components/sensor/darksky.py (WARNING)
You are using a custom component for alarm_control_panel.bwalarm which has not been tested by Home Assistant. This component might cause stability problems, be sure to disable it if you do experience issues with Home Assistant.
February 21, 2019, 8:11 PM loader.py (WARNING)
